<?xml version="1.0" encoding="UTF-8"?>
<!-- Generated by org.testng.reporters.JUnitReportReporter -->
<testsuite skipped="0" hostname="PHMANLARELLANO1" name="test.TestScripts.KryptonGuruScripts.TC02_KryptonGuruTest" tests="1" failures="0" timestamp="2018-12-07T11:03:25 CST" time="43.644" errors="0">
  <testcase name="TC02_KryptonGuruTest" time="43.644" classname="test.TestScripts.KryptonGuruScripts.TC02_KryptonGuruTest"/>
</testsuite> <!-- test.TestScripts.KryptonGuruScripts.TC02_KryptonGuruTest -->
